<?xml version="1.0" encoding="UTF-8"?>
<!-- Generated by org.testng.reporters.JUnitReportReporter -->
<testsuite hostname="Abhirath_Laptop" failures="0" tests="1" name="amazonpackage.Amazon_Project.Testcase1_LoginAmazon" time="20.709" errors="0" timestamp="2024-12-17T23:39:31 PST" skipped="0">
  <testcase classname="amazonpackage.Amazon_Project.Testcase1_LoginAmazon" name="testcase1_login" time="20.709"/>
  <system-out/>
</testsuite> <!-- amazonpackage.Amazon_Project.Testcase1_LoginAmazon -->
