<?xml version="1.0" encoding="UTF-8"?>
<!-- Generated by org.testng.reporters.JUnitReportReporter -->
<testsuite hostname="Abhirath_Laptop" failures="0" tests="1" name="amazonpackage.Amazon_Project.Testcase3_AddWishlist" time="32.951" errors="0" timestamp="2024-12-17T23:39:31 PST" skipped="0">
  <testcase classname="amazonpackage.Amazon_Project.Testcase3_AddWishlist" name="addwishlist" time="32.951"/>
  <system-out/>
</testsuite> <!-- amazonpackage.Amazon_Project.Testcase3_AddWishlist -->
